{"/Users/tylstarl/Documents/temp/SamuelSermonsExpress/src/middleware/auth.js": {"path":"/Users/tylstarl/Documents/temp/SamuelSermonsExpress/src/middleware/auth.js","statementMap":{"0":{"start":{"line":5,"column":13},"end":{"line":5,"column":34}},"1":{"start":{"line":11,"column":2},"end":{"line":11,"column":26}},"2":{"start":{"line":11,"column":16},"end":{"line":11,"column":26}},"3":{"start":{"line":12,"column":2},"end":{"line":12,"column":83}},"4":{"start":{"line":12,"column":47},"end":{"line":12,"column":63}},"5":{"start":{"line":20,"column":18},"end":{"line":20,"column":41}},"6":{"start":{"line":21,"column":2},"end":{"line":21,"column":47}},"7":{"start":{"line":21,"column":35},"end":{"line":21,"column":47}},"8":{"start":{"line":22,"column":2},"end":{"line":22,"column":76}},"9":{"start":{"line":22,"column":43},"end":{"line":22,"column":72}},"10":{"start":{"line":29,"column":2},"end":{"line":31,"column":3}},"11":{"start":{"line":30,"column":4},"end":{"line":30,"column":18}},"12":{"start":{"line":32,"column":2},"end":{"line":32,"column":41}},"13":{"start":{"line":33,"column":2},"end":{"line":33,"column":30}},"14":{"start":{"line":41,"column":14},"end":{"line":41,"column":51}},"15":{"start":{"line":42,"column":2},"end":{"line":54,"column":4}},"16":{"start":{"line":43,"column":4},"end":{"line":46,"column":5}},"17":{"start":{"line":44,"column":6},"end":{"line":44,"column":45}},"18":{"start":{"line":45,"column":6},"end":{"line":45,"column":41}},"19":{"start":{"line":47,"column":4},"end":{"line":49,"column":5}},"20":{"start":{"line":48,"column":6},"end":{"line":48,"column":20}},"21":{"start":{"line":50,"column":4},"end":{"line":53,"column":7}},"22":{"start":{"line":62,"column":20},"end":{"line":62,"column":57}},"23":{"start":{"line":63,"column":2},"end":{"line":87,"column":4}},"24":{"start":{"line":64,"column":4},"end":{"line":67,"column":5}},"25":{"start":{"line":65,"column":6},"end":{"line":65,"column":45}},"26":{"start":{"line":66,"column":6},"end":{"line":66,"column":41}},"27":{"start":{"line":68,"column":4},"end":{"line":86,"column":5}},"28":{"start":{"line":69,"column":22},"end":{"line":69,"column":54}},"29":{"start":{"line":70,"column":6},"end":{"line":72,"column":7}},"30":{"start":{"line":71,"column":8},"end":{"line":71,"column":101}},"31":{"start":{"line":74,"column":25},"end":{"line":74,"column":92}},"32":{"start":{"line":74,"column":57},"end":{"line":74,"column":78}},"33":{"start":{"line":75,"column":19},"end":{"line":78,"column":7}},"34":{"start":{"line":79,"column":22},"end":{"line":79,"column":76}},"35":{"start":{"line":79,"column":53},"end":{"line":79,"column":73}},"36":{"start":{"line":80,"column":6},"end":{"line":80,"column":51}},"37":{"start":{"line":80,"column":37},"end":{"line":80,"column":51}},"38":{"start":{"line":81,"column":19},"end":{"line":81,"column":84}},"39":{"start":{"line":81,"column":52},"end":{"line":81,"column":81}},"40":{"start":{"line":82,"column":6},"end":{"line":82,"column":32}},"41":{"start":{"line":82,"column":18},"end":{"line":82,"column":32}},"42":{"start":{"line":83,"column":6},"end":{"line":83,"column":92}},"43":{"start":{"line":85,"column":6},"end":{"line":85,"column":16}},"44":{"start":{"line":95,"column":2},"end":{"line":95,"column":32}},"45":{"start":{"line":96,"column":2},"end":{"line":96,"column":33}},"46":{"start":{"line":97,"column":2},"end":{"line":120,"column":3}},"47":{"start":{"line":98,"column":4},"end":{"line":119,"column":5}},"48":{"start":{"line":99,"column":19},"end":{"line":102,"column":7}},"49":{"start":{"line":103,"column":6},"end":{"line":116,"column":7}},"50":{"start":{"line":104,"column":19},"end":{"line":104,"column":33}},"51":{"start":{"line":105,"column":8},"end":{"line":105,"column":43}},"52":{"start":{"line":106,"column":28},"end":{"line":106,"column":55}},"53":{"start":{"line":107,"column":8},"end":{"line":107,"column":49}},"54":{"start":{"line":108,"column":8},"end":{"line":108,"column":38}},"55":{"start":{"line":110,"column":8},"end":{"line":113,"column":9}},"56":{"start":{"line":111,"column":10},"end":{"line":111,"column":40}},"57":{"start":{"line":112,"column":10},"end":{"line":112,"column":41}},"58":{"start":{"line":115,"column":8},"end":{"line":115,"column":30}},"59":{"start":{"line":118,"column":6},"end":{"line":118,"column":57}},"60":{"start":{"line":121,"column":2},"end":{"line":121,"column":9}},"61":{"start":{"line":128,"column":2},"end":{"line":128,"column":45}},"62":{"start":{"line":128,"column":31},"end":{"line":128,"column":45}},"63":{"start":{"line":129,"column":2},"end":{"line":129,"column":66}},"64":{"start":{"line":129,"column":52},"end":{"line":129,"column":66}},"65":{"start":{"line":130,"column":16},"end":{"line":130,"column":57}},"66":{"start":{"line":131,"column":2},"end":{"line":131,"column":48}},"67":{"start":{"line":131,"column":34},"end":{"line":131,"column":48}},"68":{"start":{"line":132,"column":2},"end":{"line":132,"column":133}},"69":{"start":{"line":132,"column":119},"end":{"line":132,"column":133}},"70":{"start":{"line":133,"column":2},"end":{"line":133,"column":47}},"71":{"start":{"line":136,"column":0},"end":{"line":136,"column":123}}},"fnMap":{"0":{"name":"parseRoles","decl":{"start":{"line":10,"column":9},"end":{"line":10,"column":19}},"loc":{"start":{"line":10,"column":29},"end":{"line":13,"column":1}},"line":10},"1":{"name":"(anonymous_1)","decl":{"start":{"line":12,"column":32},"end":{"line":12,"column":33}},"loc":{"start":{"line":12,"column":45},"end":{"line":12,"column":65}},"line":12},"2":{"name":"hasAnyRole","decl":{"start":{"line":19,"column":9},"end":{"line":19,"column":19}},"loc":{"start":{"line":19,"column":48},"end":{"line":23,"column":1}},"line":19},"3":{"name":"(anonymous_3)","decl":{"start":{"line":22,"column":28},"end":{"line":22,"column":29}},"loc":{"start":{"line":22,"column":41},"end":{"line":22,"column":74}},"line":22},"4":{"name":"requireLogin","decl":{"start":{"line":28,"column":9},"end":{"line":28,"column":21}},"loc":{"start":{"line":28,"column":38},"end":{"line":34,"column":1}},"line":28},"5":{"name":"requireRole","decl":{"start":{"line":40,"column":9},"end":{"line":40,"column":20}},"loc":{"start":{"line":40,"column":23},"end":{"line":55,"column":1}},"line":40},"6":{"name":"(anonymous_6)","decl":{"start":{"line":42,"column":9},"end":{"line":42,"column":10}},"loc":{"start":{"line":42,"column":35},"end":{"line":54,"column":3}},"line":42},"7":{"name":"requirePermission","decl":{"start":{"line":61,"column":9},"end":{"line":61,"column":26}},"loc":{"start":{"line":61,"column":29},"end":{"line":88,"column":1}},"line":61},"8":{"name":"(anonymous_8)","decl":{"start":{"line":63,"column":9},"end":{"line":63,"column":10}},"loc":{"start":{"line":63,"column":41},"end":{"line":87,"column":3}},"line":63},"9":{"name":"(anonymous_9)","decl":{"start":{"line":74,"column":39},"end":{"line":74,"column":40}},"loc":{"start":{"line":74,"column":55},"end":{"line":74,"column":80}},"line":74},"10":{"name":"(anonymous_10)","decl":{"start":{"line":79,"column":38},"end":{"line":79,"column":39}},"loc":{"start":{"line":79,"column":51},"end":{"line":79,"column":75}},"line":79},"11":{"name":"(anonymous_11)","decl":{"start":{"line":81,"column":37},"end":{"line":81,"column":38}},"loc":{"start":{"line":81,"column":50},"end":{"line":81,"column":83}},"line":81},"12":{"name":"loadUser","decl":{"start":{"line":94,"column":15},"end":{"line":94,"column":23}},"loc":{"start":{"line":94,"column":40},"end":{"line":122,"column":1}},"line":94},"13":{"name":"requirePasswordChange","decl":{"start":{"line":127,"column":9},"end":{"line":127,"column":30}},"loc":{"start":{"line":127,"column":47},"end":{"line":134,"column":1}},"line":127}},"branchMap":{"0":{"loc":{"start":{"line":11,"column":2},"end":{"line":11,"column":26}},"type":"if","locations":[{"start":{"line":11,"column":2},"end":{"line":11,"column":26}},{"start":{},"end":{}}],"line":11},"1":{"loc":{"start":{"line":21,"column":2},"end":{"line":21,"column":47}},"type":"if","locations":[{"start":{"line":21,"column":2},"end":{"line":21,"column":47}},{"start":{},"end":{}}],"line":21},"2":{"loc":{"start":{"line":29,"column":2},"end":{"line":31,"column":3}},"type":"if","locations":[{"start":{"line":29,"column":2},"end":{"line":31,"column":3}},{"start":{},"end":{}}],"line":29},"3":{"loc":{"start":{"line":29,"column":6},"end":{"line":29,"column":39}},"type":"binary-expr","locations":[{"start":{"line":29,"column":6},"end":{"line":29,"column":17}},{"start":{"line":29,"column":21},"end":{"line":29,"column":39}}],"line":29},"4":{"loc":{"start":{"line":43,"column":4},"end":{"line":46,"column":5}},"type":"if","locations":[{"start":{"line":43,"column":4},"end":{"line":46,"column":5}},{"start":{},"end":{}}],"line":43},"5":{"loc":{"start":{"line":43,"column":8},"end":{"line":43,"column":43}},"type":"binary-expr","locations":[{"start":{"line":43,"column":8},"end":{"line":43,"column":20}},{"start":{"line":43,"column":24},"end":{"line":43,"column":43}}],"line":43},"6":{"loc":{"start":{"line":47,"column":4},"end":{"line":49,"column":5}},"type":"if","locations":[{"start":{"line":47,"column":4},"end":{"line":49,"column":5}},{"start":{},"end":{}}],"line":47},"7":{"loc":{"start":{"line":64,"column":4},"end":{"line":67,"column":5}},"type":"if","locations":[{"start":{"line":64,"column":4},"end":{"line":67,"column":5}},{"start":{},"end":{}}],"line":64},"8":{"loc":{"start":{"line":64,"column":8},"end":{"line":64,"column":43}},"type":"binary-expr","locations":[{"start":{"line":64,"column":8},"end":{"line":64,"column":20}},{"start":{"line":64,"column":24},"end":{"line":64,"column":43}}],"line":64},"9":{"loc":{"start":{"line":70,"column":6},"end":{"line":72,"column":7}},"type":"if","locations":[{"start":{"line":70,"column":6},"end":{"line":72,"column":7}},{"start":{},"end":{}}],"line":70},"10":{"loc":{"start":{"line":80,"column":6},"end":{"line":80,"column":51}},"type":"if","locations":[{"start":{"line":80,"column":6},"end":{"line":80,"column":51}},{"start":{},"end":{}}],"line":80},"11":{"loc":{"start":{"line":82,"column":6},"end":{"line":82,"column":32}},"type":"if","locations":[{"start":{"line":82,"column":6},"end":{"line":82,"column":32}},{"start":{},"end":{}}],"line":82},"12":{"loc":{"start":{"line":97,"column":2},"end":{"line":120,"column":3}},"type":"if","locations":[{"start":{"line":97,"column":2},"end":{"line":120,"column":3}},{"start":{},"end":{}}],"line":97},"13":{"loc":{"start":{"line":97,"column":6},"end":{"line":97,"column":39}},"type":"binary-expr","locations":[{"start":{"line":97,"column":6},"end":{"line":97,"column":17}},{"start":{"line":97,"column":21},"end":{"line":97,"column":39}}],"line":97},"14":{"loc":{"start":{"line":103,"column":6},"end":{"line":116,"column":7}},"type":"if","locations":[{"start":{"line":103,"column":6},"end":{"line":116,"column":7}},{"start":{"line":114,"column":13},"end":{"line":116,"column":7}}],"line":103},"15":{"loc":{"start":{"line":110,"column":8},"end":{"line":113,"column":9}},"type":"if","locations":[{"start":{"line":110,"column":8},"end":{"line":113,"column":9}},{"start":{},"end":{}}],"line":110},"16":{"loc":{"start":{"line":110,"column":12},"end":{"line":110,"column":96}},"type":"binary-expr","locations":[{"start":{"line":110,"column":12},"end":{"line":110,"column":35}},{"start":{"line":110,"column":39},"end":{"line":110,"column":96}}],"line":110},"17":{"loc":{"start":{"line":110,"column":41},"end":{"line":110,"column":95}},"type":"binary-expr","locations":[{"start":{"line":110,"column":41},"end":{"line":110,"column":57}},{"start":{"line":110,"column":61},"end":{"line":110,"column":95}}],"line":110},"18":{"loc":{"start":{"line":128,"column":2},"end":{"line":128,"column":45}},"type":"if","locations":[{"start":{"line":128,"column":2},"end":{"line":128,"column":45}},{"start":{},"end":{}}],"line":128},"19":{"loc":{"start":{"line":129,"column":2},"end":{"line":129,"column":66}},"type":"if","locations":[{"start":{"line":129,"column":2},"end":{"line":129,"column":66}},{"start":{},"end":{}}],"line":129},"20":{"loc":{"start":{"line":131,"column":2},"end":{"line":131,"column":48}},"type":"if","locations":[{"start":{"line":131,"column":2},"end":{"line":131,"column":48}},{"start":{},"end":{}}],"line":131},"21":{"loc":{"start":{"line":132,"column":2},"end":{"line":132,"column":133}},"type":"if","locations":[{"start":{"line":132,"column":2},"end":{"line":132,"column":133}},{"start":{},"end":{}}],"line":132},"22":{"loc":{"start":{"line":132,"column":6},"end":{"line":132,"column":117}},"type":"binary-expr","locations":[{"start":{"line":132,"column":6},"end":{"line":132,"column":42}},{"start":{"line":132,"column":46},"end":{"line":132,"column":82}},{"start":{"line":132,"column":86},"end":{"line":132,"column":117}}],"line":132}},"s":{"0":1,"1":2,"2":0,"3":2,"4":2,"5":2,"6":2,"7":1,"8":1,"9":1,"10":0,"11":0,"12":0,"13":0,"14":1,"15":1,"16":3,"17":1,"18":1,"19":2,"20":1,"21":1,"22":0,"23":0,"24":0,"25":0,"26":0,"27":0,"28":0,"29":0,"30":0,"31":0,"32":0,"33":0,"34":0,"35":0,"36":0,"37":0,"38":0,"39":0,"40":0,"41":0,"42":0,"43":0,"44":0,"45":0,"46":0,"47":0,"48":0,"49":0,"50":0,"51":0,"52":0,"53":0,"54":0,"55":0,"56":0,"57":0,"58":0,"59":0,"60":0,"61":0,"62":0,"63":0,"64":0,"65":0,"66":0,"67":0,"68":0,"69":0,"70":0,"71":1},"f":{"0":2,"1":2,"2":2,"3":1,"4":0,"5":1,"6":3,"7":0,"8":0,"9":0,"10":0,"11":0,"12":0,"13":0},"b":{"0":[0,2],"1":[1,1],"2":[0,0],"3":[0,0],"4":[1,2],"5":[3,3],"6":[1,1],"7":[0,0],"8":[0,0],"9":[0,0],"10":[0,0],"11":[0,0],"12":[0,0],"13":[0,0],"14":[0,0],"15":[0,0],"16":[0,0],"17":[0,0],"18":[0,0],"19":[0,0],"20":[0,0],"21":[0,0],"22":[0,0,0]},"_coverageSchema":"1a1c01bbd47fc00a2c39e90264f33305004495a9","hash":"164114ea8f5e57a04a7f63cacf7b36ddf89c7c42"}
,"/Users/tylstarl/Documents/temp/SamuelSermonsExpress/src/routes/contact.js": {"path":"/Users/tylstarl/Documents/temp/SamuelSermonsExpress/src/routes/contact.js","statementMap":{"0":{"start":{"line":1,"column":16},"end":{"line":1,"column":34}},"1":{"start":{"line":2,"column":15},"end":{"line":2,"column":31}},"2":{"start":{"line":3,"column":13},"end":{"line":3,"column":34}},"3":{"start":{"line":4,"column":35},"end":{"line":4,"column":63}},"4":{"start":{"line":5,"column":21},"end":{"line":5,"column":47}},"5":{"start":{"line":6,"column":30},"end":{"line":6,"column":59}},"6":{"start":{"line":8,"column":0},"end":{"line":10,"column":3}},"7":{"start":{"line":9,"column":2},"end":{"line":9,"column":84}},"8":{"start":{"line":12,"column":0},"end":{"line":42,"column":2}},"9":{"start":{"line":18,"column":19},"end":{"line":18,"column":40}},"10":{"start":{"line":19,"column":4},"end":{"line":21,"column":5}},"11":{"start":{"line":20,"column":6},"end":{"line":20,"column":131}},"12":{"start":{"line":20,"column":68},"end":{"line":20,"column":73}},"13":{"start":{"line":22,"column":43},"end":{"line":22,"column":51}},"14":{"start":{"line":23,"column":4},"end":{"line":40,"column":5}},"15":{"start":{"line":24,"column":24},"end":{"line":24,"column":64}},"16":{"start":{"line":25,"column":6},"end":{"line":28,"column":7}},"17":{"start":{"line":26,"column":8},"end":{"line":26,"column":162}},"18":{"start":{"line":27,"column":8},"end":{"line":27,"column":155}},"19":{"start":{"line":30,"column":6},"end":{"line":33,"column":8}},"20":{"start":{"line":35,"column":6},"end":{"line":35,"column":116}},"21":{"start":{"line":36,"column":6},"end":{"line":36,"column":146}},"22":{"start":{"line":38,"column":6},"end":{"line":38,"column":48}},"23":{"start":{"line":39,"column":6},"end":{"line":39,"column":167}},"24":{"start":{"line":44,"column":0},"end":{"line":44,"column":24}}},"fnMap":{"0":{"name":"(anonymous_0)","decl":{"start":{"line":8,"column":16},"end":{"line":8,"column":17}},"loc":{"start":{"line":8,"column":30},"end":{"line":10,"column":1}},"line":8},"1":{"name":"(anonymous_1)","decl":{"start":{"line":17,"column":2},"end":{"line":17,"column":3}},"loc":{"start":{"line":17,"column":22},"end":{"line":41,"column":3}},"line":17},"2":{"name":"(anonymous_2)","decl":{"start":{"line":20,"column":63},"end":{"line":20,"column":64}},"loc":{"start":{"line":20,"column":68},"end":{"line":20,"column":73}},"line":20}},"branchMap":{"0":{"loc":{"start":{"line":19,"column":4},"end":{"line":21,"column":5}},"type":"if","locations":[{"start":{"line":19,"column":4},"end":{"line":21,"column":5}},{"start":{},"end":{}}],"line":19},"1":{"loc":{"start":{"line":25,"column":6},"end":{"line":28,"column":7}},"type":"if","locations":[{"start":{"line":25,"column":6},"end":{"line":28,"column":7}},{"start":{},"end":{}}],"line":25},"2":{"loc":{"start":{"line":32,"column":28},"end":{"line":32,"column":43}},"type":"binary-expr","locations":[{"start":{"line":32,"column":28},"end":{"line":32,"column":35}},{"start":{"line":32,"column":39},"end":{"line":32,"column":43}}],"line":32}},"s":{"0":1,"1":1,"2":1,"3":1,"4":1,"5":1,"6":1,"7":1,"8":1,"9":8,"10":8,"11":1,"12":3,"13":7,"14":7,"15":7,"16":6,"17":2,"18":2,"19":4,"20":3,"21":3,"22":2,"23":2,"24":1},"f":{"0":1,"1":8,"2":3},"b":{"0":[1,7],"1":[2,4],"2":[4,1]},"_coverageSchema":"1a1c01bbd47fc00a2c39e90264f33305004495a9","hash":"7fe76a95ad791d8fcdc8212a6c13d8d21fc4c9cf"}
,"/Users/tylstarl/Documents/temp/SamuelSermonsExpress/src/routes/admin/blocklist.js": {"path":"/Users/tylstarl/Documents/temp/SamuelSermonsExpress/src/routes/admin/blocklist.js","statementMap":{"0":{"start":{"line":8,"column":16},"end":{"line":8,"column":34}},"1":{"start":{"line":9,"column":15},"end":{"line":9,"column":31}},"2":{"start":{"line":10,"column":13},"end":{"line":10,"column":37}},"3":{"start":{"line":11,"column":24},"end":{"line":11,"column":56}},"4":{"start":{"line":12,"column":26},"end":{"line":12,"column":58}},"5":{"start":{"line":16,"column":0},"end":{"line":16,"column":33}},"6":{"start":{"line":22,"column":17},"end":{"line":28,"column":3}},"7":{"start":{"line":29,"column":2},"end":{"line":29,"column":21}},"8":{"start":{"line":35,"column":0},"end":{"line":62,"column":3}},"9":{"start":{"line":36,"column":18},"end":{"line":40,"column":3}},"10":{"start":{"line":41,"column":16},"end":{"line":41,"column":41}},"11":{"start":{"line":42,"column":2},"end":{"line":42,"column":50}},"12":{"start":{"line":42,"column":25},"end":{"line":42,"column":50}},"13":{"start":{"line":43,"column":2},"end":{"line":61,"column":3}},"14":{"start":{"line":44,"column":20},"end":{"line":44,"column":39}},"15":{"start":{"line":45,"column":4},"end":{"line":51,"column":7}},"16":{"start":{"line":53,"column":4},"end":{"line":53,"column":48}},"17":{"start":{"line":54,"column":4},"end":{"line":60,"column":7}},"18":{"start":{"line":70,"column":0},"end":{"line":138,"column":3}},"19":{"start":{"line":71,"column":21},"end":{"line":71,"column":40}},"20":{"start":{"line":72,"column":18},"end":{"line":72,"column":85}},"21":{"start":{"line":73,"column":17},"end":{"line":73,"column":82}},"22":{"start":{"line":74,"column":19},"end":{"line":74,"column":77}},"23":{"start":{"line":78,"column":21},"end":{"line":78,"column":62}},"24":{"start":{"line":80,"column":22},"end":{"line":100,"column":3}},"25":{"start":{"line":81,"column":4},"end":{"line":99,"column":5}},"26":{"start":{"line":82,"column":22},"end":{"line":82,"column":41}},"27":{"start":{"line":83,"column":6},"end":{"line":89,"column":9}},"28":{"start":{"line":91,"column":6},"end":{"line":91,"column":54}},"29":{"start":{"line":92,"column":6},"end":{"line":98,"column":9}},"30":{"start":{"line":103,"column":2},"end":{"line":105,"column":3}},"31":{"start":{"line":104,"column":4},"end":{"line":104,"column":64}},"32":{"start":{"line":106,"column":2},"end":{"line":108,"column":3}},"33":{"start":{"line":107,"column":4},"end":{"line":107,"column":82}},"34":{"start":{"line":109,"column":2},"end":{"line":111,"column":3}},"35":{"start":{"line":110,"column":4},"end":{"line":110,"column":65}},"36":{"start":{"line":112,"column":2},"end":{"line":117,"column":3}},"37":{"start":{"line":113,"column":23},"end":{"line":113,"column":45}},"38":{"start":{"line":114,"column":4},"end":{"line":116,"column":5}},"39":{"start":{"line":115,"column":6},"end":{"line":115,"column":63}},"40":{"start":{"line":119,"column":2},"end":{"line":131,"column":3}},"41":{"start":{"line":120,"column":4},"end":{"line":124,"column":6}},"42":{"start":{"line":126,"column":4},"end":{"line":128,"column":5}},"43":{"start":{"line":127,"column":6},"end":{"line":127,"column":70}},"44":{"start":{"line":129,"column":4},"end":{"line":129,"column":47}},"45":{"start":{"line":130,"column":4},"end":{"line":130,"column":65}},"46":{"start":{"line":133,"column":2},"end":{"line":136,"column":4}},"47":{"start":{"line":137,"column":2},"end":{"line":137,"column":35}},"48":{"start":{"line":144,"column":0},"end":{"line":179,"column":3}},"49":{"start":{"line":145,"column":13},"end":{"line":145,"column":40}},"50":{"start":{"line":146,"column":2},"end":{"line":152,"column":3}},"51":{"start":{"line":147,"column":4},"end":{"line":150,"column":6}},"52":{"start":{"line":151,"column":4},"end":{"line":151,"column":44}},"53":{"start":{"line":154,"column":2},"end":{"line":176,"column":3}},"54":{"start":{"line":155,"column":19},"end":{"line":158,"column":5}},"55":{"start":{"line":159,"column":4},"end":{"line":169,"column":5}},"56":{"start":{"line":160,"column":6},"end":{"line":163,"column":8}},"57":{"start":{"line":165,"column":6},"end":{"line":168,"column":8}},"58":{"start":{"line":171,"column":4},"end":{"line":171,"column":50}},"59":{"start":{"line":172,"column":4},"end":{"line":175,"column":6}},"60":{"start":{"line":178,"column":2},"end":{"line":178,"column":35}},"61":{"start":{"line":181,"column":0},"end":{"line":181,"column":24}}},"fnMap":{"0":{"name":"loadEntries","decl":{"start":{"line":21,"column":15},"end":{"line":21,"column":26}},"loc":{"start":{"line":21,"column":29},"end":{"line":30,"column":1}},"line":21},"1":{"name":"(anonymous_1)","decl":{"start":{"line":35,"column":16},"end":{"line":35,"column":17}},"loc":{"start":{"line":35,"column":36},"end":{"line":62,"column":1}},"line":35},"2":{"name":"(anonymous_2)","decl":{"start":{"line":70,"column":20},"end":{"line":70,"column":21}},"loc":{"start":{"line":70,"column":40},"end":{"line":138,"column":1}},"line":70},"3":{"name":"(anonymous_3)","decl":{"start":{"line":80,"column":22},"end":{"line":80,"column":23}},"loc":{"start":{"line":80,"column":39},"end":{"line":100,"column":3}},"line":80},"4":{"name":"(anonymous_4)","decl":{"start":{"line":144,"column":27},"end":{"line":144,"column":28}},"loc":{"start":{"line":144,"column":47},"end":{"line":179,"column":1}},"line":144}},"branchMap":{"0":{"loc":{"start":{"line":37,"column":10},"end":{"line":37,"column":40}},"type":"binary-expr","locations":[{"start":{"line":37,"column":10},"end":{"line":37,"column":32}},{"start":{"line":37,"column":36},"end":{"line":37,"column":40}}],"line":37},"1":{"loc":{"start":{"line":38,"column":11},"end":{"line":38,"column":42}},"type":"binary-expr","locations":[{"start":{"line":38,"column":11},"end":{"line":38,"column":34}},{"start":{"line":38,"column":38},"end":{"line":38,"column":42}}],"line":38},"2":{"loc":{"start":{"line":39,"column":10},"end":{"line":39,"column":40}},"type":"binary-expr","locations":[{"start":{"line":39,"column":10},"end":{"line":39,"column":32}},{"start":{"line":39,"column":36},"end":{"line":39,"column":40}}],"line":39},"3":{"loc":{"start":{"line":41,"column":16},"end":{"line":41,"column":41}},"type":"binary-expr","locations":[{"start":{"line":41,"column":16},"end":{"line":41,"column":33}},{"start":{"line":41,"column":37},"end":{"line":41,"column":41}}],"line":41},"4":{"loc":{"start":{"line":42,"column":2},"end":{"line":42,"column":50}},"type":"if","locations":[{"start":{"line":42,"column":2},"end":{"line":42,"column":50}},{"start":{},"end":{}}],"line":42},"5":{"loc":{"start":{"line":72,"column":18},"end":{"line":72,"column":85}},"type":"cond-expr","locations":[{"start":{"line":72,"column":57},"end":{"line":72,"column":80}},{"start":{"line":72,"column":83},"end":{"line":72,"column":85}}],"line":72},"6":{"loc":{"start":{"line":73,"column":17},"end":{"line":73,"column":82}},"type":"cond-expr","locations":[{"start":{"line":73,"column":55},"end":{"line":73,"column":77}},{"start":{"line":73,"column":80},"end":{"line":73,"column":82}}],"line":73},"7":{"loc":{"start":{"line":74,"column":19},"end":{"line":74,"column":77}},"type":"binary-expr","locations":[{"start":{"line":74,"column":19},"end":{"line":74,"column":45}},{"start":{"line":74,"column":49},"end":{"line":74,"column":77}}],"line":74},"8":{"loc":{"start":{"line":103,"column":2},"end":{"line":105,"column":3}},"type":"if","locations":[{"start":{"line":103,"column":2},"end":{"line":105,"column":3}},{"start":{},"end":{}}],"line":103},"9":{"loc":{"start":{"line":103,"column":6},"end":{"line":103,"column":53}},"type":"binary-expr","locations":[{"start":{"line":103,"column":6},"end":{"line":103,"column":28}},{"start":{"line":103,"column":32},"end":{"line":103,"column":53}}],"line":103},"10":{"loc":{"start":{"line":106,"column":2},"end":{"line":108,"column":3}},"type":"if","locations":[{"start":{"line":106,"column":2},"end":{"line":108,"column":3}},{"start":{},"end":{}}],"line":106},"11":{"loc":{"start":{"line":106,"column":6},"end":{"line":106,"column":48}},"type":"binary-expr","locations":[{"start":{"line":106,"column":6},"end":{"line":106,"column":24}},{"start":{"line":106,"column":28},"end":{"line":106,"column":48}}],"line":106},"12":{"loc":{"start":{"line":109,"column":2},"end":{"line":111,"column":3}},"type":"if","locations":[{"start":{"line":109,"column":2},"end":{"line":111,"column":3}},{"start":{},"end":{}}],"line":109},"13":{"loc":{"start":{"line":112,"column":2},"end":{"line":117,"column":3}},"type":"if","locations":[{"start":{"line":112,"column":2},"end":{"line":117,"column":3}},{"start":{},"end":{}}],"line":112},"14":{"loc":{"start":{"line":114,"column":4},"end":{"line":116,"column":5}},"type":"if","locations":[{"start":{"line":114,"column":4},"end":{"line":116,"column":5}},{"start":{},"end":{}}],"line":114},"15":{"loc":{"start":{"line":123,"column":38},"end":{"line":123,"column":52}},"type":"binary-expr","locations":[{"start":{"line":123,"column":38},"end":{"line":123,"column":44}},{"start":{"line":123,"column":48},"end":{"line":123,"column":52}}],"line":123},"16":{"loc":{"start":{"line":126,"column":4},"end":{"line":128,"column":5}},"type":"if","locations":[{"start":{"line":126,"column":4},"end":{"line":128,"column":5}},{"start":{},"end":{}}],"line":126},"17":{"loc":{"start":{"line":126,"column":8},"end":{"line":126,"column":35}},"type":"binary-expr","locations":[{"start":{"line":126,"column":8},"end":{"line":126,"column":11}},{"start":{"line":126,"column":15},"end":{"line":126,"column":35}}],"line":126},"18":{"loc":{"start":{"line":146,"column":2},"end":{"line":152,"column":3}},"type":"if","locations":[{"start":{"line":146,"column":2},"end":{"line":152,"column":3}},{"start":{},"end":{}}],"line":146},"19":{"loc":{"start":{"line":146,"column":6},"end":{"line":146,"column":74}},"type":"binary-expr","locations":[{"start":{"line":146,"column":6},"end":{"line":146,"column":27}},{"start":{"line":146,"column":31},"end":{"line":146,"column":74}}],"line":146},"20":{"loc":{"start":{"line":159,"column":4},"end":{"line":169,"column":5}},"type":"if","locations":[{"start":{"line":159,"column":4},"end":{"line":169,"column":5}},{"start":{"line":164,"column":11},"end":{"line":169,"column":5}}],"line":159}},"s":{"0":2,"1":2,"2":2,"3":2,"4":2,"5":2,"6":14,"7":12,"8":2,"9":5,"10":5,"11":5,"12":1,"13":5,"14":5,"15":4,"16":1,"17":1,"18":2,"19":14,"20":14,"21":14,"22":14,"23":14,"24":14,"25":9,"26":9,"27":8,"28":1,"29":1,"30":14,"31":1,"32":13,"33":3,"34":10,"35":1,"36":9,"37":3,"38":3,"39":1,"40":8,"41":8,"42":3,"43":2,"44":1,"45":1,"46":5,"47":5,"48":2,"49":5,"50":5,"51":2,"52":2,"53":3,"54":3,"55":2,"56":1,"57":1,"58":1,"59":1,"60":3,"61":2},"f":{"0":14,"1":5,"2":14,"3":9,"4":5},"b":{"0":[5,4],"1":[5,4],"2":[5,4],"3":[5,4],"4":[1,4],"5":[13,1],"6":[5,9],"7":[14,12],"8":[1,13],"9":[14,1],"10":[3,10],"11":[13,11],"12":[1,9],"13":[3,6],"14":[1,2],"15":[8,7],"16":[2,1],"17":[3,3],"18":[2,3],"19":[5,4],"20":[1,1]},"_coverageSchema":"1a1c01bbd47fc00a2c39e90264f33305004495a9","hash":"7b9af0f2face2c0294aef43fc3e666806c4a9a86"}
,"/Users/tylstarl/Documents/temp/SamuelSermonsExpress/src/utils/blocklist.js": {"path":"/Users/tylstarl/Documents/temp/SamuelSermonsExpress/src/utils/blocklist.js","statementMap":{"0":{"start":{"line":9,"column":13},"end":{"line":9,"column":34}},"1":{"start":{"line":24,"column":15},"end":{"line":24,"column":54}},"2":{"start":{"line":25,"column":16},"end":{"line":25,"column":57}},"3":{"start":{"line":27,"column":17},"end":{"line":29,"column":3}},"4":{"start":{"line":31,"column":2},"end":{"line":55,"column":3}},"5":{"start":{"line":31,"column":15},"end":{"line":31,"column":16}},"6":{"start":{"line":32,"column":18},"end":{"line":32,"column":32}},"7":{"start":{"line":33,"column":22},"end":{"line":33,"column":65}},"8":{"start":{"line":34,"column":29},"end":{"line":34,"column":45}},"9":{"start":{"line":36,"column":4},"end":{"line":54,"column":5}},"10":{"start":{"line":38,"column":6},"end":{"line":45,"column":7}},"11":{"start":{"line":39,"column":8},"end":{"line":39,"column":47}},"12":{"start":{"line":41,"column":8},"end":{"line":43,"column":10}},"13":{"start":{"line":44,"column":8},"end":{"line":44,"column":17}},"14":{"start":{"line":46,"column":6},"end":{"line":48,"column":7}},"15":{"start":{"line":47,"column":8},"end":{"line":47,"column":24}},"16":{"start":{"line":50,"column":29},"end":{"line":50,"column":71}},"17":{"start":{"line":51,"column":6},"end":{"line":53,"column":7}},"18":{"start":{"line":52,"column":8},"end":{"line":52,"column":24}},"19":{"start":{"line":57,"column":2},"end":{"line":57,"column":14}},"20":{"start":{"line":69,"column":2},"end":{"line":74,"column":3}},"21":{"start":{"line":70,"column":4},"end":{"line":70,"column":24}},"22":{"start":{"line":71,"column":4},"end":{"line":71,"column":16}},"23":{"start":{"line":73,"column":4},"end":{"line":73,"column":23}},"24":{"start":{"line":77,"column":0},"end":{"line":77,"column":54}}},"fnMap":{"0":{"name":"findMatchingBlock","decl":{"start":{"line":23,"column":15},"end":{"line":23,"column":32}},"loc":{"start":{"line":23,"column":38},"end":{"line":58,"column":1}},"line":23},"1":{"name":"validateRegex","decl":{"start":{"line":68,"column":9},"end":{"line":68,"column":22}},"loc":{"start":{"line":68,"column":32},"end":{"line":75,"column":1}},"line":68}},"branchMap":{"0":{"loc":{"start":{"line":24,"column":15},"end":{"line":24,"column":54}},"type":"cond-expr","locations":[{"start":{"line":24,"column":33},"end":{"line":24,"column":49}},{"start":{"line":24,"column":52},"end":{"line":24,"column":54}}],"line":24},"1":{"loc":{"start":{"line":24,"column":15},"end":{"line":24,"column":30}},"type":"binary-expr","locations":[{"start":{"line":24,"column":15},"end":{"line":24,"column":18}},{"start":{"line":24,"column":22},"end":{"line":24,"column":30}}],"line":24},"2":{"loc":{"start":{"line":25,"column":16},"end":{"line":25,"column":57}},"type":"cond-expr","locations":[{"start":{"line":25,"column":35},"end":{"line":25,"column":52}},{"start":{"line":25,"column":55},"end":{"line":25,"column":57}}],"line":25},"3":{"loc":{"start":{"line":25,"column":16},"end":{"line":25,"column":32}},"type":"binary-expr","locations":[{"start":{"line":25,"column":16},"end":{"line":25,"column":19}},{"start":{"line":25,"column":23},"end":{"line":25,"column":32}}],"line":25},"4":{"loc":{"start":{"line":33,"column":22},"end":{"line":33,"column":65}},"type":"cond-expr","locations":[{"start":{"line":33,"column":53},"end":{"line":33,"column":58}},{"start":{"line":33,"column":61},"end":{"line":33,"column":65}}],"line":33},"5":{"loc":{"start":{"line":36,"column":4},"end":{"line":54,"column":5}},"type":"if","locations":[{"start":{"line":36,"column":4},"end":{"line":54,"column":5}},{"start":{"line":49,"column":11},"end":{"line":54,"column":5}}],"line":36},"6":{"loc":{"start":{"line":46,"column":6},"end":{"line":48,"column":7}},"type":"if","locations":[{"start":{"line":46,"column":6},"end":{"line":48,"column":7}},{"start":{},"end":{}}],"line":46},"7":{"loc":{"start":{"line":51,"column":6},"end":{"line":53,"column":7}},"type":"if","locations":[{"start":{"line":51,"column":6},"end":{"line":53,"column":7}},{"start":{},"end":{}}],"line":51}},"s":{"0":3,"1":20,"2":20,"3":20,"4":19,"5":19,"6":18,"7":18,"8":18,"9":18,"10":6,"11":6,"12":3,"13":3,"14":3,"15":2,"16":12,"17":12,"18":7,"19":10,"20":8,"21":8,"22":5,"23":3,"24":3},"f":{"0":20,"1":8},"b":{"0":[10,10],"1":[20,19],"2":[16,4],"3":[20,19],"4":[12,6],"5":[6,12],"6":[2,1],"7":[7,5]},"_coverageSchema":"1a1c01bbd47fc00a2c39e90264f33305004495a9","hash":"3ef9c3751095032adb730e65c99f53cb0085445e"}
}
