{"/Users/tylstarl/Documents/temp/SamuelSermonsExpress/src/routes/contact.js": {"path":"/Users/tylstarl/Documents/temp/SamuelSermonsExpress/src/routes/contact.js","statementMap":{"0":{"start":{"line":1,"column":16},"end":{"line":1,"column":34}},"1":{"start":{"line":2,"column":15},"end":{"line":2,"column":31}},"2":{"start":{"line":3,"column":13},"end":{"line":3,"column":34}},"3":{"start":{"line":4,"column":35},"end":{"line":4,"column":63}},"4":{"start":{"line":5,"column":21},"end":{"line":5,"column":47}},"5":{"start":{"line":6,"column":30},"end":{"line":6,"column":59}},"6":{"start":{"line":8,"column":0},"end":{"line":10,"column":3}},"7":{"start":{"line":9,"column":2},"end":{"line":9,"column":84}},"8":{"start":{"line":12,"column":0},"end":{"line":42,"column":2}},"9":{"start":{"line":18,"column":19},"end":{"line":18,"column":40}},"10":{"start":{"line":19,"column":4},"end":{"line":21,"column":5}},"11":{"start":{"line":20,"column":6},"end":{"line":20,"column":131}},"12":{"start":{"line":20,"column":68},"end":{"line":20,"column":73}},"13":{"start":{"line":22,"column":43},"end":{"line":22,"column":51}},"14":{"start":{"line":23,"column":4},"end":{"line":40,"column":5}},"15":{"start":{"line":24,"column":24},"end":{"line":24,"column":64}},"16":{"start":{"line":25,"column":6},"end":{"line":28,"column":7}},"17":{"start":{"line":26,"column":8},"end":{"line":26,"column":162}},"18":{"start":{"line":27,"column":8},"end":{"line":27,"column":155}},"19":{"start":{"line":30,"column":6},"end":{"line":33,"column":8}},"20":{"start":{"line":35,"column":6},"end":{"line":35,"column":116}},"21":{"start":{"line":36,"column":6},"end":{"line":36,"column":146}},"22":{"start":{"line":38,"column":6},"end":{"line":38,"column":48}},"23":{"start":{"line":39,"column":6},"end":{"line":39,"column":167}},"24":{"start":{"line":44,"column":0},"end":{"line":44,"column":24}}},"fnMap":{"0":{"name":"(anonymous_0)","decl":{"start":{"line":8,"column":16},"end":{"line":8,"column":17}},"loc":{"start":{"line":8,"column":30},"end":{"line":10,"column":1}},"line":8},"1":{"name":"(anonymous_1)","decl":{"start":{"line":17,"column":2},"end":{"line":17,"column":3}},"loc":{"start":{"line":17,"column":22},"end":{"line":41,"column":3}},"line":17},"2":{"name":"(anonymous_2)","decl":{"start":{"line":20,"column":63},"end":{"line":20,"column":64}},"loc":{"start":{"line":20,"column":68},"end":{"line":20,"column":73}},"line":20}},"branchMap":{"0":{"loc":{"start":{"line":19,"column":4},"end":{"line":21,"column":5}},"type":"if","locations":[{"start":{"line":19,"column":4},"end":{"line":21,"column":5}},{"start":{},"end":{}}],"line":19},"1":{"loc":{"start":{"line":25,"column":6},"end":{"line":28,"column":7}},"type":"if","locations":[{"start":{"line":25,"column":6},"end":{"line":28,"column":7}},{"start":{},"end":{}}],"line":25},"2":{"loc":{"start":{"line":32,"column":28},"end":{"line":32,"column":43}},"type":"binary-expr","locations":[{"start":{"line":32,"column":28},"end":{"line":32,"column":35}},{"start":{"line":32,"column":39},"end":{"line":32,"column":43}}],"line":32}},"s":{"0":1,"1":1,"2":1,"3":1,"4":1,"5":1,"6":1,"7":1,"8":1,"9":8,"10":8,"11":1,"12":3,"13":7,"14":7,"15":7,"16":6,"17":2,"18":2,"19":4,"20":3,"21":3,"22":2,"23":2,"24":1},"f":{"0":1,"1":8,"2":3},"b":{"0":[1,7],"1":[2,4],"2":[4,1]},"_coverageSchema":"1a1c01bbd47fc00a2c39e90264f33305004495a9","hash":"7fe76a95ad791d8fcdc8212a6c13d8d21fc4c9cf"}
,"/Users/tylstarl/Documents/temp/SamuelSermonsExpress/src/routes/admin/blocklist.js": {"path":"/Users/tylstarl/Documents/temp/SamuelSermonsExpress/src/routes/admin/blocklist.js","statementMap":{"0":{"start":{"line":8,"column":16},"end":{"line":8,"column":34}},"1":{"start":{"line":9,"column":15},"end":{"line":9,"column":31}},"2":{"start":{"line":10,"column":13},"end":{"line":10,"column":37}},"3":{"start":{"line":11,"column":24},"end":{"line":11,"column":56}},"4":{"start":{"line":12,"column":26},"end":{"line":12,"column":58}},"5":{"start":{"line":16,"column":0},"end":{"line":16,"column":33}},"6":{"start":{"line":22,"column":17},"end":{"line":29,"column":3}},"7":{"start":{"line":30,"column":2},"end":{"line":30,"column":21}},"8":{"start":{"line":36,"column":0},"end":{"line":63,"column":3}},"9":{"start":{"line":37,"column":18},"end":{"line":41,"column":3}},"10":{"start":{"line":42,"column":16},"end":{"line":42,"column":41}},"11":{"start":{"line":43,"column":2},"end":{"line":43,"column":50}},"12":{"start":{"line":43,"column":25},"end":{"line":43,"column":50}},"13":{"start":{"line":44,"column":2},"end":{"line":62,"column":3}},"14":{"start":{"line":45,"column":20},"end":{"line":45,"column":39}},"15":{"start":{"line":46,"column":4},"end":{"line":52,"column":7}},"16":{"start":{"line":54,"column":4},"end":{"line":54,"column":48}},"17":{"start":{"line":55,"column":4},"end":{"line":61,"column":7}},"18":{"start":{"line":71,"column":0},"end":{"line":139,"column":3}},"19":{"start":{"line":72,"column":21},"end":{"line":72,"column":40}},"20":{"start":{"line":73,"column":18},"end":{"line":73,"column":85}},"21":{"start":{"line":74,"column":17},"end":{"line":74,"column":82}},"22":{"start":{"line":75,"column":19},"end":{"line":75,"column":77}},"23":{"start":{"line":79,"column":21},"end":{"line":79,"column":62}},"24":{"start":{"line":81,"column":22},"end":{"line":101,"column":3}},"25":{"start":{"line":82,"column":4},"end":{"line":100,"column":5}},"26":{"start":{"line":83,"column":22},"end":{"line":83,"column":41}},"27":{"start":{"line":84,"column":6},"end":{"line":90,"column":9}},"28":{"start":{"line":92,"column":6},"end":{"line":92,"column":54}},"29":{"start":{"line":93,"column":6},"end":{"line":99,"column":9}},"30":{"start":{"line":104,"column":2},"end":{"line":106,"column":3}},"31":{"start":{"line":105,"column":4},"end":{"line":105,"column":64}},"32":{"start":{"line":107,"column":2},"end":{"line":109,"column":3}},"33":{"start":{"line":108,"column":4},"end":{"line":108,"column":82}},"34":{"start":{"line":110,"column":2},"end":{"line":112,"column":3}},"35":{"start":{"line":111,"column":4},"end":{"line":111,"column":65}},"36":{"start":{"line":113,"column":2},"end":{"line":118,"column":3}},"37":{"start":{"line":114,"column":23},"end":{"line":114,"column":45}},"38":{"start":{"line":115,"column":4},"end":{"line":117,"column":5}},"39":{"start":{"line":116,"column":6},"end":{"line":116,"column":63}},"40":{"start":{"line":120,"column":2},"end":{"line":132,"column":3}},"41":{"start":{"line":121,"column":4},"end":{"line":125,"column":6}},"42":{"start":{"line":127,"column":4},"end":{"line":129,"column":5}},"43":{"start":{"line":128,"column":6},"end":{"line":128,"column":70}},"44":{"start":{"line":130,"column":4},"end":{"line":130,"column":47}},"45":{"start":{"line":131,"column":4},"end":{"line":131,"column":65}},"46":{"start":{"line":134,"column":2},"end":{"line":137,"column":4}},"47":{"start":{"line":138,"column":2},"end":{"line":138,"column":35}},"48":{"start":{"line":145,"column":0},"end":{"line":180,"column":3}},"49":{"start":{"line":146,"column":13},"end":{"line":146,"column":40}},"50":{"start":{"line":147,"column":2},"end":{"line":153,"column":3}},"51":{"start":{"line":148,"column":4},"end":{"line":151,"column":6}},"52":{"start":{"line":152,"column":4},"end":{"line":152,"column":44}},"53":{"start":{"line":155,"column":2},"end":{"line":177,"column":3}},"54":{"start":{"line":156,"column":19},"end":{"line":159,"column":5}},"55":{"start":{"line":160,"column":4},"end":{"line":170,"column":5}},"56":{"start":{"line":161,"column":6},"end":{"line":164,"column":8}},"57":{"start":{"line":166,"column":6},"end":{"line":169,"column":8}},"58":{"start":{"line":172,"column":4},"end":{"line":172,"column":50}},"59":{"start":{"line":173,"column":4},"end":{"line":176,"column":6}},"60":{"start":{"line":179,"column":2},"end":{"line":179,"column":35}},"61":{"start":{"line":182,"column":0},"end":{"line":182,"column":24}}},"fnMap":{"0":{"name":"loadEntries","decl":{"start":{"line":21,"column":15},"end":{"line":21,"column":26}},"loc":{"start":{"line":21,"column":29},"end":{"line":31,"column":1}},"line":21},"1":{"name":"(anonymous_1)","decl":{"start":{"line":36,"column":16},"end":{"line":36,"column":17}},"loc":{"start":{"line":36,"column":36},"end":{"line":63,"column":1}},"line":36},"2":{"name":"(anonymous_2)","decl":{"start":{"line":71,"column":20},"end":{"line":71,"column":21}},"loc":{"start":{"line":71,"column":40},"end":{"line":139,"column":1}},"line":71},"3":{"name":"(anonymous_3)","decl":{"start":{"line":81,"column":22},"end":{"line":81,"column":23}},"loc":{"start":{"line":81,"column":39},"end":{"line":101,"column":3}},"line":81},"4":{"name":"(anonymous_4)","decl":{"start":{"line":145,"column":27},"end":{"line":145,"column":28}},"loc":{"start":{"line":145,"column":47},"end":{"line":180,"column":1}},"line":145}},"branchMap":{"0":{"loc":{"start":{"line":38,"column":10},"end":{"line":38,"column":40}},"type":"binary-expr","locations":[{"start":{"line":38,"column":10},"end":{"line":38,"column":32}},{"start":{"line":38,"column":36},"end":{"line":38,"column":40}}],"line":38},"1":{"loc":{"start":{"line":39,"column":11},"end":{"line":39,"column":42}},"type":"binary-expr","locations":[{"start":{"line":39,"column":11},"end":{"line":39,"column":34}},{"start":{"line":39,"column":38},"end":{"line":39,"column":42}}],"line":39},"2":{"loc":{"start":{"line":40,"column":10},"end":{"line":40,"column":40}},"type":"binary-expr","locations":[{"start":{"line":40,"column":10},"end":{"line":40,"column":32}},{"start":{"line":40,"column":36},"end":{"line":40,"column":40}}],"line":40},"3":{"loc":{"start":{"line":42,"column":16},"end":{"line":42,"column":41}},"type":"binary-expr","locations":[{"start":{"line":42,"column":16},"end":{"line":42,"column":33}},{"start":{"line":42,"column":37},"end":{"line":42,"column":41}}],"line":42},"4":{"loc":{"start":{"line":43,"column":2},"end":{"line":43,"column":50}},"type":"if","locations":[{"start":{"line":43,"column":2},"end":{"line":43,"column":50}},{"start":{},"end":{}}],"line":43},"5":{"loc":{"start":{"line":73,"column":18},"end":{"line":73,"column":85}},"type":"cond-expr","locations":[{"start":{"line":73,"column":57},"end":{"line":73,"column":80}},{"start":{"line":73,"column":83},"end":{"line":73,"column":85}}],"line":73},"6":{"loc":{"start":{"line":74,"column":17},"end":{"line":74,"column":82}},"type":"cond-expr","locations":[{"start":{"line":74,"column":55},"end":{"line":74,"column":77}},{"start":{"line":74,"column":80},"end":{"line":74,"column":82}}],"line":74},"7":{"loc":{"start":{"line":75,"column":19},"end":{"line":75,"column":77}},"type":"binary-expr","locations":[{"start":{"line":75,"column":19},"end":{"line":75,"column":45}},{"start":{"line":75,"column":49},"end":{"line":75,"column":77}}],"line":75},"8":{"loc":{"start":{"line":104,"column":2},"end":{"line":106,"column":3}},"type":"if","locations":[{"start":{"line":104,"column":2},"end":{"line":106,"column":3}},{"start":{},"end":{}}],"line":104},"9":{"loc":{"start":{"line":104,"column":6},"end":{"line":104,"column":53}},"type":"binary-expr","locations":[{"start":{"line":104,"column":6},"end":{"line":104,"column":28}},{"start":{"line":104,"column":32},"end":{"line":104,"column":53}}],"line":104},"10":{"loc":{"start":{"line":107,"column":2},"end":{"line":109,"column":3}},"type":"if","locations":[{"start":{"line":107,"column":2},"end":{"line":109,"column":3}},{"start":{},"end":{}}],"line":107},"11":{"loc":{"start":{"line":107,"column":6},"end":{"line":107,"column":48}},"type":"binary-expr","locations":[{"start":{"line":107,"column":6},"end":{"line":107,"column":24}},{"start":{"line":107,"column":28},"end":{"line":107,"column":48}}],"line":107},"12":{"loc":{"start":{"line":110,"column":2},"end":{"line":112,"column":3}},"type":"if","locations":[{"start":{"line":110,"column":2},"end":{"line":112,"column":3}},{"start":{},"end":{}}],"line":110},"13":{"loc":{"start":{"line":113,"column":2},"end":{"line":118,"column":3}},"type":"if","locations":[{"start":{"line":113,"column":2},"end":{"line":118,"column":3}},{"start":{},"end":{}}],"line":113},"14":{"loc":{"start":{"line":115,"column":4},"end":{"line":117,"column":5}},"type":"if","locations":[{"start":{"line":115,"column":4},"end":{"line":117,"column":5}},{"start":{},"end":{}}],"line":115},"15":{"loc":{"start":{"line":124,"column":38},"end":{"line":124,"column":52}},"type":"binary-expr","locations":[{"start":{"line":124,"column":38},"end":{"line":124,"column":44}},{"start":{"line":124,"column":48},"end":{"line":124,"column":52}}],"line":124},"16":{"loc":{"start":{"line":127,"column":4},"end":{"line":129,"column":5}},"type":"if","locations":[{"start":{"line":127,"column":4},"end":{"line":129,"column":5}},{"start":{},"end":{}}],"line":127},"17":{"loc":{"start":{"line":127,"column":8},"end":{"line":127,"column":35}},"type":"binary-expr","locations":[{"start":{"line":127,"column":8},"end":{"line":127,"column":11}},{"start":{"line":127,"column":15},"end":{"line":127,"column":35}}],"line":127},"18":{"loc":{"start":{"line":147,"column":2},"end":{"line":153,"column":3}},"type":"if","locations":[{"start":{"line":147,"column":2},"end":{"line":153,"column":3}},{"start":{},"end":{}}],"line":147},"19":{"loc":{"start":{"line":147,"column":6},"end":{"line":147,"column":74}},"type":"binary-expr","locations":[{"start":{"line":147,"column":6},"end":{"line":147,"column":27}},{"start":{"line":147,"column":31},"end":{"line":147,"column":74}}],"line":147},"20":{"loc":{"start":{"line":160,"column":4},"end":{"line":170,"column":5}},"type":"if","locations":[{"start":{"line":160,"column":4},"end":{"line":170,"column":5}},{"start":{"line":165,"column":11},"end":{"line":170,"column":5}}],"line":160}},"s":{"0":2,"1":2,"2":2,"3":2,"4":2,"5":2,"6":14,"7":12,"8":2,"9":5,"10":5,"11":5,"12":1,"13":5,"14":5,"15":4,"16":1,"17":1,"18":2,"19":14,"20":14,"21":14,"22":14,"23":14,"24":14,"25":9,"26":9,"27":8,"28":1,"29":1,"30":14,"31":1,"32":13,"33":3,"34":10,"35":1,"36":9,"37":3,"38":3,"39":1,"40":8,"41":8,"42":3,"43":2,"44":1,"45":1,"46":5,"47":5,"48":2,"49":5,"50":5,"51":2,"52":2,"53":3,"54":3,"55":2,"56":1,"57":1,"58":1,"59":1,"60":3,"61":2},"f":{"0":14,"1":5,"2":14,"3":9,"4":5},"b":{"0":[5,4],"1":[5,4],"2":[5,4],"3":[5,4],"4":[1,4],"5":[13,1],"6":[5,9],"7":[14,12],"8":[1,13],"9":[14,1],"10":[3,10],"11":[13,11],"12":[1,9],"13":[3,6],"14":[1,2],"15":[8,7],"16":[2,1],"17":[3,3],"18":[2,3],"19":[5,4],"20":[1,1]},"_coverageSchema":"1a1c01bbd47fc00a2c39e90264f33305004495a9","hash":"02788ff94f56dfc6ce396aeb8af0f61f3d08172b"}
,"/Users/tylstarl/Documents/temp/SamuelSermonsExpress/src/utils/blocklist.js": {"path":"/Users/tylstarl/Documents/temp/SamuelSermonsExpress/src/utils/blocklist.js","statementMap":{"0":{"start":{"line":9,"column":13},"end":{"line":9,"column":34}},"1":{"start":{"line":24,"column":15},"end":{"line":24,"column":54}},"2":{"start":{"line":25,"column":16},"end":{"line":25,"column":57}},"3":{"start":{"line":27,"column":17},"end":{"line":29,"column":3}},"4":{"start":{"line":31,"column":2},"end":{"line":57,"column":3}},"5":{"start":{"line":31,"column":15},"end":{"line":31,"column":16}},"6":{"start":{"line":32,"column":18},"end":{"line":32,"column":32}},"7":{"start":{"line":33,"column":22},"end":{"line":33,"column":65}},"8":{"start":{"line":34,"column":29},"end":{"line":34,"column":45}},"9":{"start":{"line":36,"column":4},"end":{"line":56,"column":5}},"10":{"start":{"line":38,"column":6},"end":{"line":45,"column":7}},"11":{"start":{"line":39,"column":8},"end":{"line":39,"column":47}},"12":{"start":{"line":41,"column":8},"end":{"line":43,"column":10}},"13":{"start":{"line":44,"column":8},"end":{"line":44,"column":17}},"14":{"start":{"line":46,"column":6},"end":{"line":49,"column":7}},"15":{"start":{"line":47,"column":8},"end":{"line":47,"column":34}},"16":{"start":{"line":48,"column":8},"end":{"line":48,"column":24}},"17":{"start":{"line":51,"column":29},"end":{"line":51,"column":71}},"18":{"start":{"line":52,"column":6},"end":{"line":55,"column":7}},"19":{"start":{"line":53,"column":8},"end":{"line":53,"column":34}},"20":{"start":{"line":54,"column":8},"end":{"line":54,"column":24}},"21":{"start":{"line":59,"column":2},"end":{"line":59,"column":14}},"22":{"start":{"line":71,"column":2},"end":{"line":78,"column":3}},"23":{"start":{"line":72,"column":4},"end":{"line":75,"column":6}},"24":{"start":{"line":77,"column":4},"end":{"line":77,"column":94}},"25":{"start":{"line":90,"column":2},"end":{"line":95,"column":3}},"26":{"start":{"line":91,"column":4},"end":{"line":91,"column":24}},"27":{"start":{"line":92,"column":4},"end":{"line":92,"column":16}},"28":{"start":{"line":94,"column":4},"end":{"line":94,"column":23}},"29":{"start":{"line":98,"column":0},"end":{"line":98,"column":54}}},"fnMap":{"0":{"name":"findMatchingBlock","decl":{"start":{"line":23,"column":15},"end":{"line":23,"column":32}},"loc":{"start":{"line":23,"column":38},"end":{"line":60,"column":1}},"line":23},"1":{"name":"recordHit","decl":{"start":{"line":70,"column":15},"end":{"line":70,"column":24}},"loc":{"start":{"line":70,"column":29},"end":{"line":79,"column":1}},"line":70},"2":{"name":"validateRegex","decl":{"start":{"line":89,"column":9},"end":{"line":89,"column":22}},"loc":{"start":{"line":89,"column":32},"end":{"line":96,"column":1}},"line":89}},"branchMap":{"0":{"loc":{"start":{"line":24,"column":15},"end":{"line":24,"column":54}},"type":"cond-expr","locations":[{"start":{"line":24,"column":33},"end":{"line":24,"column":49}},{"start":{"line":24,"column":52},"end":{"line":24,"column":54}}],"line":24},"1":{"loc":{"start":{"line":24,"column":15},"end":{"line":24,"column":30}},"type":"binary-expr","locations":[{"start":{"line":24,"column":15},"end":{"line":24,"column":18}},{"start":{"line":24,"column":22},"end":{"line":24,"column":30}}],"line":24},"2":{"loc":{"start":{"line":25,"column":16},"end":{"line":25,"column":57}},"type":"cond-expr","locations":[{"start":{"line":25,"column":35},"end":{"line":25,"column":52}},{"start":{"line":25,"column":55},"end":{"line":25,"column":57}}],"line":25},"3":{"loc":{"start":{"line":25,"column":16},"end":{"line":25,"column":32}},"type":"binary-expr","locations":[{"start":{"line":25,"column":16},"end":{"line":25,"column":19}},{"start":{"line":25,"column":23},"end":{"line":25,"column":32}}],"line":25},"4":{"loc":{"start":{"line":33,"column":22},"end":{"line":33,"column":65}},"type":"cond-expr","locations":[{"start":{"line":33,"column":53},"end":{"line":33,"column":58}},{"start":{"line":33,"column":61},"end":{"line":33,"column":65}}],"line":33},"5":{"loc":{"start":{"line":36,"column":4},"end":{"line":56,"column":5}},"type":"if","locations":[{"start":{"line":36,"column":4},"end":{"line":56,"column":5}},{"start":{"line":50,"column":11},"end":{"line":56,"column":5}}],"line":36},"6":{"loc":{"start":{"line":46,"column":6},"end":{"line":49,"column":7}},"type":"if","locations":[{"start":{"line":46,"column":6},"end":{"line":49,"column":7}},{"start":{},"end":{}}],"line":46},"7":{"loc":{"start":{"line":52,"column":6},"end":{"line":55,"column":7}},"type":"if","locations":[{"start":{"line":52,"column":6},"end":{"line":55,"column":7}},{"start":{},"end":{}}],"line":52}},"s":{"0":3,"1":24,"2":24,"3":24,"4":23,"5":23,"6":22,"7":22,"8":22,"9":22,"10":7,"11":7,"12":3,"13":3,"14":4,"15":3,"16":3,"17":15,"18":15,"19":9,"20":9,"21":11,"22":12,"23":12,"24":1,"25":8,"26":8,"27":5,"28":3,"29":3},"f":{"0":24,"1":12,"2":8},"b":{"0":[10,14],"1":[24,23],"2":[20,4],"3":[24,23],"4":[16,6],"5":[7,15],"6":[3,1],"7":[9,6]},"_coverageSchema":"1a1c01bbd47fc00a2c39e90264f33305004495a9","hash":"6139cf4e1396cfd96821b7a5ddba01d12f4aabd9"}
}
