TN:
SF:src/middleware/auth.js
FN:10,parseRoles
FN:12,(anonymous_1)
FN:19,hasAnyRole
FN:22,(anonymous_3)
FN:28,requireLogin
FN:40,requireRole
FN:42,(anonymous_6)
FN:61,requirePermission
FN:63,(anonymous_8)
FN:74,(anonymous_9)
FN:79,(anonymous_10)
FN:81,(anonymous_11)
FN:94,loadUser
FN:127,requirePasswordChange
FNF:14
FNH:6
FNDA:2,parseRoles
FNDA:2,(anonymous_1)
FNDA:2,hasAnyRole
FNDA:1,(anonymous_3)
FNDA:0,requireLogin
FNDA:1,requireRole
FNDA:3,(anonymous_6)
FNDA:0,requirePermission
FNDA:0,(anonymous_8)
FNDA:0,(anonymous_9)
FNDA:0,(anonymous_10)
FNDA:0,(anonymous_11)
FNDA:0,loadUser
FNDA:0,requirePasswordChange
DA:5,1
DA:11,2
DA:12,2
DA:20,2
DA:21,2
DA:22,1
DA:29,0
DA:30,0
DA:32,0
DA:33,0
DA:41,1
DA:42,1
DA:43,3
DA:44,1
DA:45,1
DA:47,2
DA:48,1
DA:50,1
DA:62,0
DA:63,0
DA:64,0
DA:65,0
DA:66,0
DA:68,0
DA:69,0
DA:70,0
DA:71,0
DA:74,0
DA:75,0
DA:79,0
DA:80,0
DA:81,0
DA:82,0
DA:83,0
DA:85,0
DA:95,0
DA:96,0
DA:97,0
DA:98,0
DA:99,0
DA:103,0
DA:104,0
DA:105,0
DA:106,0
DA:107,0
DA:108,0
DA:110,0
DA:111,0
DA:112,0
DA:115,0
DA:118,0
DA:121,0
DA:128,0
DA:129,0
DA:130,0
DA:131,0
DA:132,0
DA:133,0
DA:136,1
LF:59
LH:15
BRDA:11,0,0,0
BRDA:11,0,1,2
BRDA:21,1,0,1
BRDA:21,1,1,1
BRDA:29,2,0,0
BRDA:29,2,1,0
BRDA:29,3,0,0
BRDA:29,3,1,0
BRDA:43,4,0,1
BRDA:43,4,1,2
BRDA:43,5,0,3
BRDA:43,5,1,3
BRDA:47,6,0,1
BRDA:47,6,1,1
BRDA:64,7,0,0
BRDA:64,7,1,0
BRDA:64,8,0,0
BRDA:64,8,1,0
BRDA:70,9,0,0
BRDA:70,9,1,0
BRDA:80,10,0,0
BRDA:80,10,1,0
BRDA:82,11,0,0
BRDA:82,11,1,0
BRDA:97,12,0,0
BRDA:97,12,1,0
BRDA:97,13,0,0
BRDA:97,13,1,0
BRDA:103,14,0,0
BRDA:103,14,1,0
BRDA:110,15,0,0
BRDA:110,15,1,0
BRDA:110,16,0,0
BRDA:110,16,1,0
BRDA:110,17,0,0
BRDA:110,17,1,0
BRDA:128,18,0,0
BRDA:128,18,1,0
BRDA:129,19,0,0
BRDA:129,19,1,0
BRDA:131,20,0,0
BRDA:131,20,1,0
BRDA:132,21,0,0
BRDA:132,21,1,0
BRDA:132,22,0,0
BRDA:132,22,1,0
BRDA:132,22,2,0
BRF:47
BRH:9
end_of_record
TN:
SF:src/routes/contact.js
FN:8,(anonymous_0)
FN:17,(anonymous_1)
FN:20,(anonymous_2)
FNF:3
FNH:3
FNDA:1,(anonymous_0)
FNDA:8,(anonymous_1)
FNDA:3,(anonymous_2)
DA:1,1
DA:2,1
DA:3,1
DA:4,1
DA:5,1
DA:6,1
DA:8,1
DA:9,1
DA:12,1
DA:18,8
DA:19,8
DA:20,3
DA:22,7
DA:23,7
DA:24,7
DA:25,6
DA:26,2
DA:27,2
DA:30,4
DA:35,3
DA:36,3
DA:38,2
DA:39,2
DA:44,1
LF:24
LH:24
BRDA:19,0,0,1
BRDA:19,0,1,7
BRDA:25,1,0,2
BRDA:25,1,1,4
BRDA:32,2,0,4
BRDA:32,2,1,1
BRF:6
BRH:6
end_of_record
TN:
SF:src/routes/admin/blocklist.js
FN:21,loadEntries
FN:35,(anonymous_1)
FN:70,(anonymous_2)
FN:80,(anonymous_3)
FN:144,(anonymous_4)
FNF:5
FNH:5
FNDA:14,loadEntries
FNDA:5,(anonymous_1)
FNDA:14,(anonymous_2)
FNDA:9,(anonymous_3)
FNDA:5,(anonymous_4)
DA:8,2
DA:9,2
DA:10,2
DA:11,2
DA:12,2
DA:16,2
DA:22,14
DA:29,12
DA:35,2
DA:36,5
DA:41,5
DA:42,5
DA:43,5
DA:44,5
DA:45,4
DA:53,1
DA:54,1
DA:70,2
DA:71,14
DA:72,14
DA:73,14
DA:74,14
DA:78,14
DA:80,14
DA:81,9
DA:82,9
DA:83,8
DA:91,1
DA:92,1
DA:103,14
DA:104,1
DA:106,13
DA:107,3
DA:109,10
DA:110,1
DA:112,9
DA:113,3
DA:114,3
DA:115,1
DA:119,8
DA:120,8
DA:126,3
DA:127,2
DA:129,1
DA:130,1
DA:133,5
DA:137,5
DA:144,2
DA:145,5
DA:146,5
DA:147,2
DA:151,2
DA:154,3
DA:155,3
DA:159,2
DA:160,1
DA:165,1
DA:171,1
DA:172,1
DA:178,3
DA:181,2
LF:61
LH:61
BRDA:37,0,0,5
BRDA:37,0,1,4
BRDA:38,1,0,5
BRDA:38,1,1,4
BRDA:39,2,0,5
BRDA:39,2,1,4
BRDA:41,3,0,5
BRDA:41,3,1,4
BRDA:42,4,0,1
BRDA:42,4,1,4
BRDA:72,5,0,13
BRDA:72,5,1,1
BRDA:73,6,0,5
BRDA:73,6,1,9
BRDA:74,7,0,14
BRDA:74,7,1,12
BRDA:103,8,0,1
BRDA:103,8,1,13
BRDA:103,9,0,14
BRDA:103,9,1,1
BRDA:106,10,0,3
BRDA:106,10,1,10
BRDA:106,11,0,13
BRDA:106,11,1,11
BRDA:109,12,0,1
BRDA:109,12,1,9
BRDA:112,13,0,3
BRDA:112,13,1,6
BRDA:114,14,0,1
BRDA:114,14,1,2
BRDA:123,15,0,8
BRDA:123,15,1,7
BRDA:126,16,0,2
BRDA:126,16,1,1
BRDA:126,17,0,3
BRDA:126,17,1,3
BRDA:146,18,0,2
BRDA:146,18,1,3
BRDA:146,19,0,5
BRDA:146,19,1,4
BRDA:159,20,0,1
BRDA:159,20,1,1
BRF:42
BRH:42
end_of_record
TN:
SF:src/utils/blocklist.js
FN:23,findMatchingBlock
FN:68,validateRegex
FNF:2
FNH:2
FNDA:20,findMatchingBlock
FNDA:8,validateRegex
DA:9,3
DA:24,20
DA:25,20
DA:27,20
DA:31,19
DA:32,18
DA:33,18
DA:34,18
DA:36,18
DA:38,6
DA:39,6
DA:41,3
DA:44,3
DA:46,3
DA:47,2
DA:50,12
DA:51,12
DA:52,7
DA:57,10
DA:69,8
DA:70,8
DA:71,5
DA:73,3
DA:77,3
LF:24
LH:24
BRDA:24,0,0,10
BRDA:24,0,1,10
BRDA:24,1,0,20
BRDA:24,1,1,19
BRDA:25,2,0,16
BRDA:25,2,1,4
BRDA:25,3,0,20
BRDA:25,3,1,19
BRDA:33,4,0,12
BRDA:33,4,1,6
BRDA:36,5,0,6
BRDA:36,5,1,12
BRDA:46,6,0,2
BRDA:46,6,1,1
BRDA:51,7,0,7
BRDA:51,7,1,5
BRF:16
BRH:16
end_of_record
