TN:
SF:src/routes/contact.js
FN:8,(anonymous_0)
FN:17,(anonymous_1)
FN:20,(anonymous_2)
FNF:3
FNH:3
FNDA:1,(anonymous_0)
FNDA:8,(anonymous_1)
FNDA:3,(anonymous_2)
DA:1,1
DA:2,1
DA:3,1
DA:4,1
DA:5,1
DA:6,1
DA:8,1
DA:9,1
DA:12,1
DA:18,8
DA:19,8
DA:20,3
DA:22,7
DA:23,7
DA:24,7
DA:25,6
DA:26,2
DA:27,2
DA:30,4
DA:35,3
DA:36,3
DA:38,2
DA:39,2
DA:44,1
LF:24
LH:24
BRDA:19,0,0,1
BRDA:19,0,1,7
BRDA:25,1,0,2
BRDA:25,1,1,4
BRDA:32,2,0,4
BRDA:32,2,1,1
BRF:6
BRH:6
end_of_record
TN:
SF:src/routes/admin/blocklist.js
FN:21,loadEntries
FN:36,(anonymous_1)
FN:71,(anonymous_2)
FN:81,(anonymous_3)
FN:145,(anonymous_4)
FNF:5
FNH:5
FNDA:14,loadEntries
FNDA:5,(anonymous_1)
FNDA:14,(anonymous_2)
FNDA:9,(anonymous_3)
FNDA:5,(anonymous_4)
DA:8,2
DA:9,2
DA:10,2
DA:11,2
DA:12,2
DA:16,2
DA:22,14
DA:30,12
DA:36,2
DA:37,5
DA:42,5
DA:43,5
DA:44,5
DA:45,5
DA:46,4
DA:54,1
DA:55,1
DA:71,2
DA:72,14
DA:73,14
DA:74,14
DA:75,14
DA:79,14
DA:81,14
DA:82,9
DA:83,9
DA:84,8
DA:92,1
DA:93,1
DA:104,14
DA:105,1
DA:107,13
DA:108,3
DA:110,10
DA:111,1
DA:113,9
DA:114,3
DA:115,3
DA:116,1
DA:120,8
DA:121,8
DA:127,3
DA:128,2
DA:130,1
DA:131,1
DA:134,5
DA:138,5
DA:145,2
DA:146,5
DA:147,5
DA:148,2
DA:152,2
DA:155,3
DA:156,3
DA:160,2
DA:161,1
DA:166,1
DA:172,1
DA:173,1
DA:179,3
DA:182,2
LF:61
LH:61
BRDA:38,0,0,5
BRDA:38,0,1,4
BRDA:39,1,0,5
BRDA:39,1,1,4
BRDA:40,2,0,5
BRDA:40,2,1,4
BRDA:42,3,0,5
BRDA:42,3,1,4
BRDA:43,4,0,1
BRDA:43,4,1,4
BRDA:73,5,0,13
BRDA:73,5,1,1
BRDA:74,6,0,5
BRDA:74,6,1,9
BRDA:75,7,0,14
BRDA:75,7,1,12
BRDA:104,8,0,1
BRDA:104,8,1,13
BRDA:104,9,0,14
BRDA:104,9,1,1
BRDA:107,10,0,3
BRDA:107,10,1,10
BRDA:107,11,0,13
BRDA:107,11,1,11
BRDA:110,12,0,1
BRDA:110,12,1,9
BRDA:113,13,0,3
BRDA:113,13,1,6
BRDA:115,14,0,1
BRDA:115,14,1,2
BRDA:124,15,0,8
BRDA:124,15,1,7
BRDA:127,16,0,2
BRDA:127,16,1,1
BRDA:127,17,0,3
BRDA:127,17,1,3
BRDA:147,18,0,2
BRDA:147,18,1,3
BRDA:147,19,0,5
BRDA:147,19,1,4
BRDA:160,20,0,1
BRDA:160,20,1,1
BRF:42
BRH:42
end_of_record
TN:
SF:src/utils/blocklist.js
FN:23,findMatchingBlock
FN:70,recordHit
FN:89,validateRegex
FNF:3
FNH:3
FNDA:24,findMatchingBlock
FNDA:12,recordHit
FNDA:8,validateRegex
DA:9,3
DA:24,24
DA:25,24
DA:27,24
DA:31,23
DA:32,22
DA:33,22
DA:34,22
DA:36,22
DA:38,7
DA:39,7
DA:41,3
DA:44,3
DA:46,4
DA:47,3
DA:48,3
DA:51,15
DA:52,15
DA:53,9
DA:54,9
DA:59,11
DA:71,12
DA:72,12
DA:77,1
DA:90,8
DA:91,8
DA:92,5
DA:94,3
DA:98,3
LF:29
LH:29
BRDA:24,0,0,10
BRDA:24,0,1,14
BRDA:24,1,0,24
BRDA:24,1,1,23
BRDA:25,2,0,20
BRDA:25,2,1,4
BRDA:25,3,0,24
BRDA:25,3,1,23
BRDA:33,4,0,16
BRDA:33,4,1,6
BRDA:36,5,0,7
BRDA:36,5,1,15
BRDA:46,6,0,3
BRDA:46,6,1,1
BRDA:52,7,0,9
BRDA:52,7,1,6
BRF:16
BRH:16
end_of_record
